[2018-10-30T21:19:14.242] [TRACE] default - [INFO] Connected to database!
[2018-10-30T21:19:14.396] [ERROR] default - Error getting AllItems
[2018-10-30T21:19:14.402] [ERROR] default - [ERROR]
[2018-10-30T21:19:14.406] [ERROR] default - TypeError: "callback" argument must be a function
    at exports.setTimeout (timers.js:348:11)
    at /var/www/socket/main.js:622:13
    at Request._callback (/var/www/socket/main.js:66:13)
    at Request.self.callback (/var/www/node_modules/request/request.js:185:22)
    at emitTwo (events.js:106:13)
    at Request.emit (events.js:191:7)
    at Request.<anonymous> (/var/www/node_modules/request/request.js:1161:10)
    at emitOne (events.js:96:13)
    at Request.emit (events.js:188:7)
    at IncomingMessage.<anonymous> (/var/www/node_modules/request/request.js:1083:12)
[2018-10-30T21:19:14.415] [ERROR] default - Error on commission change: API Key Required
[2018-10-30T21:19:14.429] [ERROR] default - [ERROR]
[2018-10-30T21:19:14.430] [ERROR] default - TypeError: Cannot read property 'user' of undefined
    at /var/www/socket/main.js:75:30
    at Request._callback (/var/www/socket/main.js:66:13)
    at Request.self.callback (/var/www/node_modules/request/request.js:185:22)
    at emitTwo (events.js:106:13)
    at Request.emit (events.js:191:7)
    at Request.<anonymous> (/var/www/node_modules/request/request.js:1161:10)
    at emitOne (events.js:96:13)
    at Request.emit (events.js:188:7)
    at IncomingMessage.<anonymous> (/var/www/node_modules/request/request.js:1083:12)
    at IncomingMessage.g (events.js:292:16)
