[2018-11-08T12:33:47.889] [TRACE] default - [INFO] Connected to database!
[2018-11-08T12:33:48.061] [INFO] default - Commission change done!
[2018-11-08T12:33:48.075] [INFO] default - Bot -1236 (VGOcraft.com) got from OPSkins!
[2018-11-08T12:33:48.184] [INFO] default - All Items loaded. Total items loaded: 321
[2018-11-08T12:33:48.373] [INFO] default - CaseSchema loaded successfully! Total cases loaded: 6
[2018-11-08T12:33:52.841] [INFO] default - User 76561198863884847 loaded with 0 keys!
[2018-11-08T12:34:21.030] [INFO] default - User 76561198863884847 loaded with 0 keys!
[2018-11-08T12:35:44.836] [INFO] default - User 76561198863884847 loaded with 0 keys!
[2018-11-08T12:36:30.495] [INFO] default - User 76561198863884847 loaded with 0 keys!
[2018-11-08T12:36:50.173] [INFO] default - User 76561198863884847 loaded with 0 keys!
[2018-11-08T12:37:57.320] [INFO] default - User 76561198863884847 loaded with 0 keys!
[2018-11-08T12:41:58.984] [INFO] default - User 76561198863884847 loaded with 0 keys!
[2018-11-08T12:42:28.907] [INFO] default - User 76561198355622694 loaded with 1 keys!
[2018-11-08T12:42:46.885] [INFO] default - User 76561198355622694 created trade #7850180 for 1 of keys!
[2018-11-08T12:42:46.886] [INFO] default - checkUserOpenCase #7850180 
[2018-11-08T12:44:22.754] [INFO] default - Trade #7850180 successfully accepted and user got items!
[2018-11-08T12:48:48.024] [INFO] default - User 76561198863884847 loaded with 0 keys!
[2018-11-08T12:50:32.664] [INFO] default - User 76561198863884847 loaded with 0 keys!
[2018-11-08T12:51:14.290] [INFO] default - User 76561198863884847 loaded with 0 keys!
[2018-11-08T12:51:55.710] [INFO] default - User 76561198863884847 loaded with 0 keys!
[2018-11-08T13:02:21.279] [INFO] default - User 76561198863884847 loaded with 0 keys!
[2018-11-08T13:18:57.698] [INFO] default - User 76561198355622694 loaded with 0 keys!
[2018-11-08T13:36:42.868] [INFO] default - User 76561198863884847 loaded with 0 keys!
[2018-11-08T13:38:55.271] [INFO] default - User 76561198863884847 loaded with 0 keys!
[2018-11-08T13:40:14.340] [INFO] default - User 76561198863884847 loaded with 0 keys!
[2018-11-08T13:41:19.177] [INFO] default - User 76561198863884847 loaded with 0 keys!
