[2018-11-05T17:42:11.597] [TRACE] default - [INFO] Connected to database!
[2018-11-05T17:42:11.787] [INFO] default - Bot -1236 (VGOcraft.com) got from OPSkins!
[2018-11-05T17:42:11.843] [INFO] default - All Items loaded. Total items loaded: 321
[2018-11-05T17:42:11.845] [INFO] default - Commission change done!
[2018-11-05T17:42:12.074] [INFO] default - CaseSchema loaded successfully! Total cases loaded: 6
[2018-11-05T17:42:16.059] [INFO] default - User 76561198355622694 loaded with 1 keys!
[2018-11-05T17:42:19.752] [INFO] default - User 76561198863884847 loaded with 0 keys!
[2018-11-05T17:42:25.384] [INFO] default - User 76561198355622694 loaded with 1 keys!
[2018-11-05T17:43:27.524] [INFO] default - User 76561198355622694 loaded with 1 keys!
[2018-11-05T17:44:32.598] [INFO] default - User 76561198863884847 loaded with 0 keys!
[2018-11-05T17:45:28.475] [INFO] default - User 76561198355622694 loaded with 1 keys!
[2018-11-05T17:45:32.566] [INFO] default - User 76561198355622694 created trade #7651521 for 1 of keys!
[2018-11-05T17:45:32.570] [INFO] default - checkUserOpenCase #7651521 
[2018-11-05T17:45:53.388] [INFO] default - Trade #7651521 successfully accepted and user got items!
[2018-11-05T17:48:07.893] [INFO] default - User 76561198355622694 loaded with 0 keys!
[2018-11-05T17:50:21.878] [INFO] default - User 76561198355622694 loaded with 0 keys!
[2018-11-05T17:51:17.414] [INFO] default - User 76561198355622694 loaded with 0 keys!
[2018-11-05T19:16:07.339] [INFO] default - User 76561198863884847 loaded with 0 keys!
[2018-11-05T19:16:36.706] [INFO] default - User 76561198863884847 loaded with 0 keys!
[2018-11-05T19:17:41.695] [INFO] default - User 76561198863884847 loaded with 0 keys!
[2018-11-05T19:54:18.085] [INFO] default - User 76561198863884847 loaded with 0 keys!
[2018-11-06T03:34:02.976] [INFO] default - User 76561198863884847 loaded with 0 keys!
[2018-11-06T03:43:29.246] [INFO] default - User 76561198863884847 loaded with 0 keys!
[2018-11-06T04:20:57.235] [INFO] default - User 76561198863884847 loaded with 0 keys!
[2018-11-06T05:00:46.147] [INFO] default - User 76561198863884847 loaded with 0 keys!
[2018-11-06T05:09:53.166] [INFO] default - User 76561198863884847 loaded with 0 keys!
[2018-11-06T14:44:50.872] [INFO] default - User 76561198863884847 loaded with 0 keys!
[2018-11-06T15:03:29.689] [INFO] default - User 76561198863884847 loaded with 0 keys!
[2018-11-06T15:08:53.522] [INFO] default - User 76561198863884847 loaded with 0 keys!
[2018-11-06T15:10:11.316] [INFO] default - User 76561198863884847 loaded with 0 keys!
[2018-11-06T15:16:00.978] [INFO] default - User 76561198863884847 loaded with 0 keys!
[2018-11-06T15:16:21.055] [INFO] default - User 76561198863884847 loaded with 0 keys!
[2018-11-06T15:17:49.596] [INFO] default - User 76561198863884847 loaded with 0 keys!
[2018-11-06T15:18:16.686] [INFO] default - User 76561198863884847 loaded with 0 keys!
[2018-11-06T15:18:59.307] [INFO] default - User 76561198863884847 loaded with 0 keys!
[2018-11-06T15:19:14.332] [INFO] default - User 76561198863884847 loaded with 0 keys!
[2018-11-06T15:19:49.449] [INFO] default - User 76561198863884847 loaded with 0 keys!
[2018-11-06T15:23:05.955] [INFO] default - User 76561198863884847 loaded with 0 keys!
[2018-11-06T15:31:48.475] [INFO] default - User 76561198863884847 loaded with 0 keys!
[2018-11-06T15:32:01.060] [INFO] default - User 76561198863884847 loaded with 0 keys!
[2018-11-06T15:32:58.056] [INFO] default - User 76561198863884847 loaded with 0 keys!
[2018-11-06T15:33:04.529] [INFO] default - User 76561198863884847 loaded with 0 keys!
[2018-11-06T15:34:53.607] [INFO] default - User 76561198863884847 loaded with 0 keys!
[2018-11-06T15:35:05.191] [INFO] default - User 76561198863884847 loaded with 0 keys!
[2018-11-06T15:35:25.331] [INFO] default - User 76561198863884847 loaded with 0 keys!
[2018-11-06T15:37:04.058] [INFO] default - User 76561198863884847 loaded with 0 keys!
[2018-11-06T15:41:14.463] [INFO] default - User 76561198863884847 loaded with 0 keys!
[2018-11-06T15:41:43.548] [INFO] default - User 76561198863884847 loaded with 0 keys!
[2018-11-06T15:42:22.894] [INFO] default - User 76561198863884847 loaded with 0 keys!
[2018-11-06T15:43:01.380] [INFO] default - User 76561198863884847 loaded with 0 keys!
[2018-11-06T15:43:34.903] [INFO] default - User 76561198863884847 loaded with 0 keys!
[2018-11-06T15:48:04.888] [INFO] default - User 76561198863884847 loaded with 0 keys!
[2018-11-06T15:50:25.033] [INFO] default - User 76561198863884847 loaded with 0 keys!
[2018-11-06T15:51:19.993] [INFO] default - User 76561198863884847 loaded with 0 keys!
[2018-11-06T15:52:00.351] [INFO] default - User 76561198863884847 loaded with 0 keys!
[2018-11-06T15:54:23.592] [INFO] default - User 76561198863884847 loaded with 0 keys!
[2018-11-06T15:56:04.583] [INFO] default - User 76561198863884847 loaded with 0 keys!
[2018-11-06T16:06:41.418] [INFO] default - User 76561198863884847 loaded with 0 keys!
[2018-11-06T16:07:18.805] [INFO] default - User 76561198863884847 loaded with 0 keys!
[2018-11-06T16:10:09.049] [INFO] default - User 76561198863884847 loaded with 0 keys!
[2018-11-06T16:10:16.686] [INFO] default - User 76561198863884847 loaded with 0 keys!
[2018-11-06T16:12:47.086] [INFO] default - User 76561198863884847 loaded with 0 keys!
[2018-11-06T16:13:14.300] [INFO] default - User 76561198863884847 loaded with 0 keys!
[2018-11-06T16:13:31.280] [INFO] default - User 76561198863884847 loaded with 0 keys!
[2018-11-06T16:14:46.897] [INFO] default - User 76561198863884847 loaded with 0 keys!
[2018-11-06T16:18:42.898] [INFO] default - User 76561198863884847 loaded with 0 keys!
[2018-11-06T16:20:20.469] [INFO] default - User 76561198863884847 loaded with 0 keys!
[2018-11-06T16:21:23.007] [INFO] default - User 76561198863884847 loaded with 0 keys!
[2018-11-06T16:23:26.194] [INFO] default - User 76561198863884847 loaded with 0 keys!
[2018-11-06T16:25:24.266] [INFO] default - User 76561198863884847 loaded with 0 keys!
[2018-11-06T16:25:47.038] [INFO] default - User 76561198863884847 loaded with 0 keys!
[2018-11-06T16:27:59.738] [INFO] default - User 76561198863884847 loaded with 0 keys!
[2018-11-06T16:51:24.109] [INFO] default - User 76561198355622694 loaded with 0 keys!
[2018-11-06T16:51:42.888] [INFO] default - User 76561198355622694 loaded with 0 keys!
[2018-11-06T16:51:51.783] [INFO] default - User 76561198355622694 loaded with 0 keys!
[2018-11-06T16:51:56.313] [INFO] default - User 76561198355622694 loaded with 0 keys!
[2018-11-06T16:53:19.306] [INFO] default - User 76561198355622694 loaded with 0 keys!
[2018-11-06T16:53:38.614] [INFO] default - User 76561198355622694 loaded with 0 keys!
[2018-11-06T16:53:44.698] [INFO] default - User 76561198355622694 loaded with 0 keys!
[2018-11-06T16:53:51.774] [INFO] default - User 76561198355622694 loaded with 0 keys!
[2018-11-06T17:09:47.188] [INFO] default - User 76561198355622694 loaded with 0 keys!
[2018-11-06T17:10:30.690] [INFO] default - User 76561198355622694 loaded with 0 keys!
[2018-11-06T17:11:04.489] [INFO] default - User 76561198355622694 loaded with 0 keys!
[2018-11-06T17:13:56.105] [INFO] default - User 76561198355622694 loaded with 0 keys!
[2018-11-06T18:27:15.203] [INFO] default - User 76561198863884847 loaded with 0 keys!
[2018-11-06T19:39:40.870] [INFO] default - User 76561198863884847 loaded with 0 keys!
[2018-11-06T19:39:47.035] [INFO] default - User 76561198863884847 loaded with 0 keys!
[2018-11-06T19:47:39.764] [INFO] default - User 76561198863884847 loaded with 0 keys!
[2018-11-07T03:47:39.765] [ERROR] default - [ERROR] Syntax "Error: Connection lost: The server closed the connection."
[2018-11-07T03:47:39.768] [ERROR] default - { Error: Connection lost: The server closed the connection.
    at Protocol.end (/var/www/node_modules/mysql/lib/protocol/Protocol.js:112:13)
    at Socket.<anonymous> (/var/www/node_modules/mysql/lib/Connection.js:97:28)
    at Socket.<anonymous> (/var/www/node_modules/mysql/lib/Connection.js:502:10)
    at emitNone (events.js:91:20)
    at Socket.emit (events.js:185:7)
    at endReadableNT (_stream_readable.js:978:12)
    at args.(anonymous function) (/usr/lib/node_modules/pm2/node_modules/event-loop-inspector/index.js:138:29)
    at _combinedTickCallback (internal/process/next_tick.js:80:11)
    at process._tickCallback (internal/process/next_tick.js:104:9) fatal: true, code: 'PROTOCOL_CONNECTION_LOST' }
[2018-11-07T03:47:39.773] [TRACE] default - [INFO] Trying to reconnect to database...
[2018-11-07T03:47:42.283] [TRACE] default - [INFO] Connected to database!
[2018-11-07T07:58:25.697] [INFO] default - User 76561198355622694 loaded with 0 keys!
[2018-11-07T11:08:54.079] [INFO] default - User 76561198863884847 loaded with 0 keys!
[2018-11-07T11:11:05.115] [INFO] default - User 76561198355622694 loaded with 0 keys!
[2018-11-07T11:11:19.076] [INFO] default - User 76561198355622694 loaded with 0 keys!
[2018-11-07T11:11:26.376] [INFO] default - User 76561198355622694 loaded with 0 keys!
[2018-11-07T11:30:35.014] [INFO] default - User 76561198355622694 loaded with 0 keys!
[2018-11-07T11:52:14.645] [INFO] default - User 76561198863884847 loaded with 0 keys!
[2018-11-07T12:13:38.304] [INFO] default - User 76561198863884847 loaded with 0 keys!
[2018-11-07T12:17:35.409] [INFO] default - User 76561198863884847 loaded with 0 keys!
[2018-11-07T12:18:23.788] [INFO] default - User 76561198863884847 loaded with 0 keys!
[2018-11-07T12:21:45.291] [INFO] default - User 76561198863884847 loaded with 0 keys!
[2018-11-07T12:25:20.438] [INFO] default - User 76561198863884847 loaded with 0 keys!
[2018-11-07T12:26:19.488] [INFO] default - User 76561198863884847 loaded with 0 keys!
[2018-11-07T12:27:24.432] [INFO] default - User 76561198863884847 loaded with 0 keys!
[2018-11-07T12:28:13.082] [INFO] default - User 76561198863884847 loaded with 0 keys!
[2018-11-07T12:28:50.669] [INFO] default - User 76561198355622694 loaded with 0 keys!
[2018-11-07T12:28:53.008] [INFO] default - User 76561198863884847 loaded with 0 keys!
[2018-11-07T12:29:21.872] [INFO] default - User 76561198863884847 loaded with 0 keys!
[2018-11-07T12:30:54.189] [INFO] default - User 76561198863884847 loaded with 0 keys!
[2018-11-07T12:31:05.470] [INFO] default - User 76561198863884847 loaded with 0 keys!
[2018-11-07T12:32:41.242] [INFO] default - User 76561198863884847 loaded with 0 keys!
[2018-11-07T12:34:36.200] [INFO] default - User 76561198863884847 loaded with 0 keys!
[2018-11-07T12:52:10.067] [INFO] default - User 76561198355622694 loaded with 0 keys!
[2018-11-07T13:09:11.706] [INFO] default - User 76561198355622694 loaded with 0 keys!
[2018-11-07T13:10:33.695] [INFO] default - User 76561198355622694 loaded with 0 keys!
[2018-11-07T13:30:18.205] [INFO] default - User 76561198863884847 loaded with 0 keys!
[2018-11-07T13:31:47.339] [INFO] default - User 76561198355622694 loaded with 0 keys!
[2018-11-07T13:38:35.621] [INFO] default - User 76561198863884847 loaded with 0 keys!
[2018-11-07T13:44:01.902] [INFO] default - User 76561198355622694 loaded with 0 keys!
[2018-11-07T14:29:44.914] [INFO] default - User 76561198863884847 loaded with 0 keys!
[2018-11-07T14:31:17.640] [INFO] default - User 76561198863884847 loaded with 0 keys!
[2018-11-07T15:07:17.247] [INFO] default - User 76561198863884847 loaded with 0 keys!
[2018-11-07T15:14:02.648] [INFO] default - User 76561198863884847 loaded with 0 keys!
[2018-11-07T15:14:56.764] [INFO] default - User 76561198863884847 loaded with 0 keys!
[2018-11-07T15:20:20.557] [INFO] default - User 76561198863884847 loaded with 0 keys!
[2018-11-07T15:20:51.923] [INFO] default - User 76561198863884847 loaded with 0 keys!
[2018-11-07T15:21:47.880] [INFO] default - User 76561198863884847 loaded with 0 keys!
[2018-11-07T15:22:38.680] [INFO] default - User 76561198863884847 loaded with 0 keys!
[2018-11-07T15:23:47.807] [INFO] default - User 76561198863884847 loaded with 0 keys!
[2018-11-07T15:24:42.262] [INFO] default - User 76561198863884847 loaded with 0 keys!
[2018-11-07T15:26:11.720] [INFO] default - User 76561198863884847 loaded with 0 keys!
[2018-11-07T15:27:37.530] [INFO] default - User 76561198863884847 loaded with 0 keys!
[2018-11-07T15:29:06.377] [INFO] default - User 76561198863884847 loaded with 0 keys!
[2018-11-07T15:30:37.600] [INFO] default - User 76561198863884847 loaded with 0 keys!
[2018-11-07T15:30:41.528] [INFO] default - User 76561198863884847 loaded with 0 keys!
[2018-11-07T15:32:19.300] [INFO] default - User 76561198863884847 loaded with 0 keys!
[2018-11-07T15:33:33.363] [INFO] default - User 76561198863884847 loaded with 0 keys!
[2018-11-07T15:37:10.143] [INFO] default - User 76561198863884847 loaded with 0 keys!
[2018-11-07T15:39:10.986] [INFO] default - User 76561198863884847 loaded with 0 keys!
[2018-11-07T15:39:41.429] [INFO] default - User 76561198863884847 loaded with 0 keys!
[2018-11-07T15:42:11.557] [INFO] default - User 76561198863884847 loaded with 0 keys!
[2018-11-07T15:44:08.427] [INFO] default - User 76561198863884847 loaded with 0 keys!
[2018-11-07T16:24:16.317] [INFO] default - User 76561198863884847 loaded with 0 keys!
[2018-11-07T16:29:14.328] [INFO] default - User 76561198863884847 loaded with 0 keys!
[2018-11-07T16:49:19.254] [INFO] default - User 76561198863884847 loaded with 0 keys!
[2018-11-07T16:52:36.015] [INFO] default - User 76561198863884847 loaded with 0 keys!
[2018-11-07T16:55:27.987] [INFO] default - User 76561198863884847 loaded with 0 keys!
[2018-11-07T16:55:43.532] [INFO] default - User 76561198863884847 loaded with 0 keys!
[2018-11-07T17:27:06.088] [INFO] default - User 76561198863884847 loaded with 0 keys!
[2018-11-07T17:32:53.985] [INFO] default - User 76561198863884847 loaded with 0 keys!
[2018-11-07T17:35:27.725] [INFO] default - User 76561198863884847 loaded with 0 keys!
[2018-11-07T17:37:15.934] [INFO] default - User 76561198863884847 loaded with 0 keys!
[2018-11-07T17:43:20.446] [INFO] default - User 76561198863884847 loaded with 0 keys!
[2018-11-07T17:44:07.276] [INFO] default - User 76561198863884847 loaded with 0 keys!
[2018-11-07T17:45:01.382] [INFO] default - User 76561198863884847 loaded with 0 keys!
[2018-11-07T17:51:49.385] [INFO] default - User 76561198863884847 loaded with 0 keys!
[2018-11-07T17:59:39.800] [INFO] default - User 76561198863884847 loaded with 0 keys!
[2018-11-07T18:00:20.536] [INFO] default - User 76561198863884847 loaded with 0 keys!
[2018-11-07T18:03:52.621] [INFO] default - User 76561198863884847 loaded with 0 keys!
[2018-11-07T18:06:12.883] [INFO] default - User 76561198863884847 loaded with 0 keys!
[2018-11-07T18:07:13.167] [INFO] default - User 76561198863884847 loaded with 0 keys!
