[2018-11-07T18:11:35.558] [TRACE] default - [INFO] Connected to database!
[2018-11-07T18:11:35.719] [INFO] default - Bot -1236 (VGOcraft.com) got from OPSkins!
[2018-11-07T18:11:35.729] [INFO] default - Commission change done!
[2018-11-07T18:11:35.843] [INFO] default - All Items loaded. Total items loaded: 321
[2018-11-07T18:11:36.017] [INFO] default - CaseSchema loaded successfully! Total cases loaded: 6
[2018-11-07T18:11:40.900] [INFO] default - User 76561198863884847 loaded with 0 keys!
[2018-11-07T18:13:05.484] [INFO] default - User 76561198863884847 loaded with 0 keys!
[2018-11-07T18:13:19.644] [INFO] default - User 76561198863884847 loaded with 0 keys!
[2018-11-07T18:19:21.303] [INFO] default - User 76561198863884847 loaded with 0 keys!
[2018-11-07T18:21:57.045] [INFO] default - User 76561198863884847 loaded with 0 keys!
[2018-11-07T18:27:09.049] [INFO] default - User 76561198863884847 loaded with 0 keys!
[2018-11-07T18:29:25.608] [INFO] default - User 76561198863884847 loaded with 0 keys!
[2018-11-07T18:33:06.101] [INFO] default - User 76561198863884847 loaded with 0 keys!
[2018-11-07T18:36:11.520] [INFO] default - User 76561198863884847 loaded with 0 keys!
[2018-11-07T18:38:02.787] [INFO] default - User 76561198863884847 loaded with 0 keys!
[2018-11-07T18:39:13.592] [INFO] default - User 76561198863884847 loaded with 0 keys!
[2018-11-07T18:40:39.502] [INFO] default - User 76561198863884847 loaded with 0 keys!
[2018-11-07T18:41:10.472] [INFO] default - User 76561198863884847 loaded with 0 keys!
[2018-11-07T19:05:21.560] [INFO] default - User 76561198863884847 loaded with 0 keys!
[2018-11-07T19:15:08.253] [INFO] default - User 76561198863884847 loaded with 0 keys!
[2018-11-07T19:16:30.841] [INFO] default - User 76561198863884847 loaded with 0 keys!
[2018-11-07T19:19:26.923] [INFO] default - User 76561198863884847 loaded with 0 keys!
[2018-11-07T19:20:35.616] [INFO] default - User 76561198863884847 loaded with 0 keys!
[2018-11-07T19:21:17.654] [INFO] default - User 76561198863884847 loaded with 0 keys!
[2018-11-07T19:21:37.408] [INFO] default - User 76561198863884847 loaded with 0 keys!
[2018-11-07T19:24:06.541] [INFO] default - User 76561198863884847 loaded with 0 keys!
[2018-11-07T19:34:15.464] [INFO] default - User 76561198863884847 loaded with 0 keys!
[2018-11-07T19:37:09.929] [INFO] default - User 76561198863884847 loaded with 0 keys!
[2018-11-07T19:38:24.332] [INFO] default - User 76561198863884847 loaded with 0 keys!
[2018-11-07T19:49:13.061] [INFO] default - User 76561198863884847 loaded with 0 keys!
[2018-11-07T19:49:51.680] [INFO] default - User 76561198863884847 loaded with 0 keys!
[2018-11-07T20:02:02.805] [INFO] default - User 76561198863884847 loaded with 0 keys!
[2018-11-07T20:02:52.947] [INFO] default - User 76561198863884847 loaded with 0 keys!
[2018-11-07T20:04:42.682] [INFO] default - User 76561198863884847 loaded with 0 keys!
[2018-11-07T20:07:56.187] [INFO] default - User 76561198863884847 loaded with 0 keys!
[2018-11-07T20:10:04.710] [INFO] default - User 76561198863884847 loaded with 0 keys!
[2018-11-07T20:14:16.929] [INFO] default - User 76561198863884847 loaded with 0 keys!
[2018-11-07T20:18:44.995] [INFO] default - User 76561198863884847 loaded with 0 keys!
[2018-11-07T20:21:53.763] [INFO] default - User 76561198863884847 loaded with 0 keys!
[2018-11-07T20:22:26.730] [INFO] default - User 76561198863884847 loaded with 0 keys!
[2018-11-07T20:32:56.952] [INFO] default - User 76561198863884847 loaded with 0 keys!
[2018-11-07T20:47:10.899] [INFO] default - User 76561198863884847 loaded with 0 keys!
[2018-11-07T22:54:15.657] [INFO] default - User 76561198355622694 loaded with 0 keys!
[2018-11-07T22:56:15.416] [INFO] default - User 76561198355622694 loaded with 1 keys!
[2018-11-07T22:56:33.553] [INFO] default - User 76561198355622694 created trade #7772117 for 1 of keys!
[2018-11-07T22:56:33.554] [INFO] default - checkUserOpenCase #7772117 
[2018-11-07T22:57:31.212] [INFO] default - User 76561198355622694 loaded with 0 keys!
[2018-11-07T22:58:07.359] [INFO] default - User 76561198355622694 loaded with 0 keys!
[2018-11-07T22:58:42.685] [INFO] default - User 76561198355622694 loaded with 0 keys!
[2018-11-07T22:58:51.403] [INFO] default - User 76561198355622694 loaded with 0 keys!
[2018-11-07T23:01:03.802] [INFO] default - Offer #7772117 cancelled due to 90 tries!
[2018-11-07T23:02:31.819] [INFO] default - User 76561198355622694 loaded with 0 keys!
[2018-11-08T04:06:20.672] [INFO] default - User 76561198863884847 loaded with 0 keys!
[2018-11-08T04:10:20.557] [INFO] default - User 76561198863884847 loaded with 0 keys!
[2018-11-08T04:15:28.469] [INFO] default - User 76561198863884847 loaded with 0 keys!
